<?xml version="1.0" encoding="UTF-8"?>
<!-- Generated by org.testng.reporters.JUnitReportReporter -->
<testsuite skipped="0" hostname="gopinath" name="runners.TestRunner" tests="1" failures="0" timestamp="29 Mar 2020 05:58:57 GMT" time="204.267" errors="0">
  <testcase name="feature" time="204.267" classname="runners.TestRunner"/>
</testsuite> <!-- runners.TestRunner -->
